<?xml version="1.0" encoding="UTF-8"?>
<testng-results skipped="0" failed="0" ignored="0" total="2" passed="2">
  <reporter-output>
  </reporter-output>
  <suite name="Suite" duration-ms="14732" started-at="2022-08-13T12:45:46Z" finished-at="2022-08-13T12:46:00Z">
    <groups>
    </groups>
    <test name="Test" duration-ms="14732" started-at="2022-08-13T12:45:46Z" finished-at="2022-08-13T12:46:00Z">
      <class name="demo.ParellelTestingDemo">
        <test-method status="PASS" signature="test1()[pri:0, instance:demo.ParellelTestingDemo@5762806e]" name="test1" duration-ms="7050" started-at="2022-08-13T12:45:46Z" finished-at="2022-08-13T12:45:53Z">
          <reporter-output>
          </reporter-output>
        </test-method> <!-- test1 -->
        <test-method status="PASS" signature="test2()[pri:0, instance:demo.ParellelTestingDemo@5762806e]" name="test2" duration-ms="7644" started-at="2022-08-13T12:45:53Z" finished-at="2022-08-13T12:46:00Z">
          <reporter-output>
          </reporter-output>
        </test-method> <!-- test2 -->
      </class> <!-- demo.ParellelTestingDemo -->
    </test> <!-- Test -->
  </suite> <!-- Suite -->
</testng-results>
